<?xml version="1.0" encoding="UTF-8"?>
<!-- Generated by org.testng.reporters.JUnitReportReporter -->
<testsuite skipped="0" hostname="azstorageexp" name="TestChrome.Loginpage" tests="1" failures="0" timestamp="05 Mar 2020 20:10:20 GMT" time="11.163" errors="0">
  <testcase name="logintest" time="11.163" classname="TestChrome.Loginpage"/>
</testsuite> <!-- TestChrome.Loginpage -->
