<?xml version="1.0" encoding="UTF-8"?>
<!-- Generated by org.testng.reporters.JUnitReportReporter -->
<testsuite skipped="0" hostname="azstorageexp" name="TestChrome.Chrome" tests="1" failures="0" timestamp="09 Feb 2020 17:07:08 GMT" time="26.395" errors="0">
  <testcase name="ChromeDriver" time="26.395" classname="TestChrome.Chrome"/>
</testsuite> <!-- TestChrome.Chrome -->
