<?xml version="1.0" encoding="UTF-8"?>
<!-- Generated by org.testng.reporters.JUnitReportReporter -->
<testsuite skipped="0" hostname="azstorageexp" name="TestChrome.Loginpage" tests="1" failures="0" timestamp="22 Feb 2020 19:52:48 GMT" time="12.420" errors="0">
  <testcase name="logintest" time="12.420" classname="TestChrome.Loginpage"/>
</testsuite> <!-- TestChrome.Loginpage -->
