<?xml version="1.0" encoding="UTF-8"?>
<!-- Generated by org.testng.reporters.JUnitReportReporter -->
<testsuite skipped="0" hostname="azstorageexp" name="TestChrome.Loginpage" tests="1" failures="0" timestamp="22 Feb 2020 18:16:16 GMT" time="15.506" errors="0">
  <testcase name="logintest" time="15.506" classname="TestChrome.Loginpage"/>
</testsuite> <!-- TestChrome.Loginpage -->
