<?xml version="1.0" encoding="UTF-8"?>
<!-- Generated by org.testng.reporters.JUnitReportReporter -->
<testsuite skipped="0" hostname="azstorageexp" name="TestChrome.Loginpage" tests="1" failures="0" timestamp="09 Mar 2020 17:10:29 GMT" time="12.785" errors="0">
  <testcase name="logintest" time="12.785" classname="TestChrome.Loginpage"/>
</testsuite> <!-- TestChrome.Loginpage -->
